[debug] [2020-02-02T00:17:23.405Z] ----------------------------------------------------------------------
[debug] [2020-02-02T00:17:23.408Z] Command:       /usr/local/bin/firebase /home/rudigus/.cache/firebase/tools/lib/node_modules/firebase-tools/lib/bin/firebase serve
[debug] [2020-02-02T00:17:23.408Z] CLI Version:   7.12.1
[debug] [2020-02-02T00:17:23.408Z] Platform:      linux
[debug] [2020-02-02T00:17:23.408Z] Node Version:  v12.13.1
[debug] [2020-02-02T00:17:23.409Z] Time:          Sat Feb 01 2020 21:17:23 GMT-0300 (GMT-03:00)
[debug] [2020-02-02T00:17:23.409Z] ----------------------------------------------------------------------
[debug] [2020-02-02T00:17:23.409Z] 
[debug] [2020-02-02T00:17:23.417Z] > command requires scopes: ["email","openid","https://www.googleapis.com/auth/cloudplatformprojects.readonly","https://www.googleapis.com/auth/firebase","https://www.googleapis.com/auth/cloud-platform"]
[debug] [2020-02-02T00:17:23.418Z] > authorizing via signed-in user
[debug] [2020-02-02T00:17:23.418Z] [iam] checking project ubireudo for permissions ["firebase.projects.get"]
[debug] [2020-02-02T00:17:23.420Z] > refreshing access token with scopes: ["email","https://www.googleapis.com/auth/cloud-platform","https://www.googleapis.com/auth/cloudplatformprojects.readonly","https://www.googleapis.com/auth/firebase","openid"]
[debug] [2020-02-02T00:17:23.421Z] >>> HTTP REQUEST POST https://www.googleapis.com/oauth2/v3/token  
 <request body omitted>
[debug] [2020-02-02T00:17:23.781Z] <<< HTTP RESPONSE 200
[debug] [2020-02-02T00:17:23.905Z] >>> HTTP REQUEST POST https://cloudresourcemanager.googleapis.com/v1/projects/ubireudo:testIamPermissions  

[debug] [2020-02-02T00:17:25.103Z] <<< HTTP RESPONSE 200
[debug] [2020-02-02T00:17:25.104Z] >>> HTTP REQUEST GET https://firebase.googleapis.com/v1beta1/projects/ubireudo  
 
[debug] [2020-02-02T00:17:26.538Z] <<< HTTP RESPONSE 200
[info] 
[info] === Serving from '/home/rudigus/Github/Ubireudo'...
[info] 
[debug] [2020-02-02T00:17:26.543Z] >>> HTTP REQUEST GET https://firebase.googleapis.com/v1beta1/projects/ubireudo/webApps/-/config  
 
[debug] [2020-02-02T00:17:27.971Z] <<< HTTP RESPONSE 200
[info] i  hosting: Serving hosting files from: build
[info] ✔  hosting: Local server: http://localhost:5000
